{
  "RSpec": {
    "coverage": {
      "/Users/Penney/Documents/Turing/3_module/projects/rails_engine/app/helpers/application_helper.rb": [
        1,
        null
      ],
      "/Users/Penney/Documents/Turing/3_module/projects/rails_engine/app/controllers/api/api_controller.rb": [
        1,
        1,
        1,
        null,
        null
      ],
      "/Users/Penney/Documents/Turing/3_module/projects/rails_engine/app/controllers/application_controller.rb": [
        1,
        null,
        null,
        1,
        null
      ],
      "/Users/Penney/Documents/Turing/3_module/projects/rails_engine/app/controllers/api/v1/customers_controller.rb": [
        1,
        1,
        null,
        1,
        1,
        null,
        null,
        1,
        1,
        null,
        null,
        1,
        null,
        1,
        0,
        null,
        null,
        null,
        null,
        null,
        null
      ],
      "/Users/Penney/Documents/Turing/3_module/projects/rails_engine/app/controllers/api/v1/customer_finder_controller.rb": [
        1,
        1,
        null,
        1,
        2,
        2,
        2,
        null,
        0,
        null,
        null,
        null,
        1,
        4,
        4,
        2,
        null,
        2,
        null,
        null,
        null,
        1,
        null,
        1,
        4,
        4,
        4,
        4,
        null,
        null,
        1,
        6,
        null,
        null,
        1,
        18,
        null,
        null
      ],
      "/Users/Penney/Documents/Turing/3_module/projects/rails_engine/app/controllers/api/v1/customers/favorite_merchants_controller.rb": [
        1,
        1,
        null,
        1,
        1,
        null,
        null,
        1,
        null,
        1,
        3,
        null,
        null,
        1,
        null,
        null,
        null,
        null,
        1,
        null,
        null
      ],
      "/Users/Penney/Documents/Turing/3_module/projects/rails_engine/app/controllers/api/v1/customers/invoices_controller.rb": [
        1,
        1,
        null,
        1,
        1,
        null,
        null
      ],
      "/Users/Penney/Documents/Turing/3_module/projects/rails_engine/app/controllers/api/v1/customers/transactions_controller.rb": [
        1,
        1,
        null,
        1,
        1,
        null,
        null
      ],
      "/Users/Penney/Documents/Turing/3_module/projects/rails_engine/app/controllers/api/v1/invoice_finder_controller.rb": [
        1,
        1,
        null,
        1,
        1,
        1,
        1,
        1,
        1,
        1,
        null,
        null,
        1,
        5,
        5,
        5,
        5,
        5,
        5,
        null,
        null
      ],
      "/Users/Penney/Documents/Turing/3_module/projects/rails_engine/app/controllers/api/v1/invoice_item_finder_controller.rb": [
        1,
        1,
        null,
        1,
        2,
        2,
        2,
        2,
        2,
        2,
        2,
        null,
        null,
        1,
        6,
        6,
        6,
        6,
        6,
        6,
        6,
        null,
        null
      ],
      "/Users/Penney/Documents/Turing/3_module/projects/rails_engine/app/controllers/api/v1/invoice_items/invoices_controller.rb": [
        1,
        1,
        null,
        1,
        1,
        null,
        null
      ],
      "/Users/Penney/Documents/Turing/3_module/projects/rails_engine/app/controllers/api/v1/invoice_items/items_controller.rb": [
        1,
        1,
        null,
        1,
        1,
        null,
        null
      ],
      "/Users/Penney/Documents/Turing/3_module/projects/rails_engine/app/controllers/api/v1/invoice_items_controller.rb": [
        1,
        1,
        null,
        1,
        1,
        null,
        null,
        1,
        1,
        null,
        null,
        1,
        null,
        1,
        0,
        null,
        null,
        null,
        null,
        null,
        null,
        null,
        null
      ],
      "/Users/Penney/Documents/Turing/3_module/projects/rails_engine/app/controllers/api/v1/invoices/customers_controller.rb": [
        1,
        1,
        null,
        1,
        1,
        null,
        null
      ],
      "/Users/Penney/Documents/Turing/3_module/projects/rails_engine/app/controllers/api/v1/invoices/invoice_items_controller.rb": [
        1,
        1,
        null,
        1,
        1,
        null,
        null
      ],
      "/Users/Penney/Documents/Turing/3_module/projects/rails_engine/app/controllers/api/v1/invoices/items_controller.rb": [
        1,
        1,
        null,
        1,
        1,
        null,
        null,
        null
      ],
      "/Users/Penney/Documents/Turing/3_module/projects/rails_engine/app/controllers/api/v1/invoices/merchants_controller.rb": [
        1,
        1,
        null,
        1,
        1,
        null,
        null
      ],
      "/Users/Penney/Documents/Turing/3_module/projects/rails_engine/app/controllers/api/v1/invoices/transactions_controller.rb": [
        1,
        1,
        null,
        1,
        1,
        null,
        null
      ],
      "/Users/Penney/Documents/Turing/3_module/projects/rails_engine/app/controllers/api/v1/invoices_controller.rb": [
        1,
        1,
        null,
        1,
        1,
        null,
        null,
        1,
        1,
        null,
        null,
        1,
        null,
        1,
        0,
        null,
        null,
        null,
        null,
        null,
        null,
        null
      ],
      "/Users/Penney/Documents/Turing/3_module/projects/rails_engine/app/controllers/api/v1/item_finder_controller.rb": [
        1,
        1,
        null,
        1,
        3,
        3,
        3,
        3,
        3,
        3,
        3,
        null,
        null,
        1,
        6,
        6,
        6,
        6,
        6,
        6,
        6,
        null,
        null
      ],
      "/Users/Penney/Documents/Turing/3_module/projects/rails_engine/app/controllers/api/v1/items/invoice_items_controller.rb": [
        1,
        1,
        null,
        1,
        1,
        null,
        null
      ],
      "/Users/Penney/Documents/Turing/3_module/projects/rails_engine/app/controllers/api/v1/items/merchants_controller.rb": [
        1,
        1,
        null,
        1,
        1,
        null,
        null
      ],
      "/Users/Penney/Documents/Turing/3_module/projects/rails_engine/app/controllers/api/v1/items/most_items_controller.rb": [
        1,
        1,
        null,
        1,
        1,
        1,
        1,
        null,
        null,
        1,
        null,
        1,
        3,
        null,
        null,
        1,
        null,
        null,
        null,
        null,
        null,
        null,
        2,
        null,
        null,
        1,
        1,
        null,
        null
      ],
      "/Users/Penney/Documents/Turing/3_module/projects/rails_engine/app/controllers/api/v1/items/most_revenues_controller.rb": [
        1,
        1,
        null,
        1,
        1,
        1,
        1,
        null,
        null,
        1,
        null,
        1,
        3,
        null,
        null,
        1,
        null,
        null,
        null,
        null,
        null,
        null,
        2,
        null,
        null,
        1,
        1,
        null,
        null
      ],
      "/Users/Penney/Documents/Turing/3_module/projects/rails_engine/app/controllers/api/v1/items_controller.rb": [
        1,
        1,
        null,
        1,
        1,
        null,
        null,
        1,
        1,
        null,
        null,
        1,
        null,
        1,
        0,
        null,
        null,
        null,
        null,
        null,
        null,
        null
      ],
      "/Users/Penney/Documents/Turing/3_module/projects/rails_engine/app/controllers/api/v1/merchant_finder_controller.rb": [
        1,
        1,
        null,
        1,
        1,
        1,
        1,
        1,
        null,
        null,
        1,
        3,
        3,
        3,
        3,
        null,
        null
      ],
      "/Users/Penney/Documents/Turing/3_module/projects/rails_engine/app/controllers/api/v1/merchants/favorite_customers_controller.rb": [
        1,
        1,
        null,
        1,
        1,
        1,
        null,
        null,
        1,
        null,
        1,
        null,
        null,
        null,
        null,
        2,
        null,
        null,
        1,
        3,
        1,
        null,
        null
      ],
      "/Users/Penney/Documents/Turing/3_module/projects/rails_engine/app/controllers/api/v1/merchants/invoices_controller.rb": [
        1,
        1,
        null,
        1,
        1,
        null,
        null,
        null
      ],
      "/Users/Penney/Documents/Turing/3_module/projects/rails_engine/app/controllers/api/v1/merchants/items_controller.rb": [
        1,
        1,
        null,
        1,
        1,
        null,
        null,
        null
      ],
      "/Users/Penney/Documents/Turing/3_module/projects/rails_engine/app/controllers/api/v1/merchants/revenues_controller.rb": [
        1,
        1,
        null,
        1,
        1,
        0,
        null,
        1,
        null,
        null,
        null,
        1,
        null,
        1,
        null,
        null,
        null,
        null,
        null,
        0,
        null,
        null,
        1,
        null,
        null,
        null,
        null,
        1,
        null,
        null
      ],
      "/Users/Penney/Documents/Turing/3_module/projects/rails_engine/app/controllers/api/v1/merchants_controller.rb": [
        1,
        1,
        null,
        1,
        1,
        null,
        null,
        1,
        1,
        null,
        null,
        1,
        null,
        1,
        0,
        null,
        null,
        null,
        null,
        null,
        null,
        null
      ],
      "/Users/Penney/Documents/Turing/3_module/projects/rails_engine/app/controllers/api/v1/random_customer_controller.rb": [
        1,
        1,
        null,
        1,
        1,
        null,
        null,
        null
      ],
      "/Users/Penney/Documents/Turing/3_module/projects/rails_engine/app/controllers/api/v1/random_invoice_controller.rb": [
        1,
        1,
        null,
        1,
        1,
        null,
        null,
        null
      ],
      "/Users/Penney/Documents/Turing/3_module/projects/rails_engine/app/controllers/api/v1/random_invoice_item_controller.rb": [
        1,
        1,
        null,
        1,
        1,
        null,
        null,
        null
      ],
      "/Users/Penney/Documents/Turing/3_module/projects/rails_engine/app/controllers/api/v1/random_item_controller.rb": [
        1,
        1,
        null,
        1,
        1,
        null,
        null,
        null
      ],
      "/Users/Penney/Documents/Turing/3_module/projects/rails_engine/app/controllers/api/v1/random_merchant_controller.rb": [
        1,
        1,
        null,
        1,
        1,
        null,
        null,
        null
      ],
      "/Users/Penney/Documents/Turing/3_module/projects/rails_engine/app/controllers/api/v1/random_transaction_controller.rb": [
        1,
        1,
        null,
        1,
        1,
        null,
        null,
        null
      ],
      "/Users/Penney/Documents/Turing/3_module/projects/rails_engine/app/controllers/api/v1/transaction_finder_controller.rb": [
        1,
        1,
        null,
        1,
        2,
        2,
        2,
        2,
        2,
        2,
        null,
        null,
        1,
        5,
        5,
        5,
        5,
        5,
        5,
        null,
        null
      ],
      "/Users/Penney/Documents/Turing/3_module/projects/rails_engine/app/controllers/api/v1/transactions/invoices_controller.rb": [
        1,
        1,
        null,
        1,
        1,
        null,
        null
      ],
      "/Users/Penney/Documents/Turing/3_module/projects/rails_engine/app/controllers/api/v1/transactions_controller.rb": [
        1,
        1,
        null,
        1,
        1,
        null,
        null,
        1,
        1,
        null,
        null,
        1,
        null,
        1,
        0,
        null,
        null,
        null,
        null,
        null,
        null,
        null
      ],
      "/Users/Penney/Documents/Turing/3_module/projects/rails_engine/app/models/customer.rb": [
        1,
        1,
        1,
        1,
        null
      ],
      "/Users/Penney/Documents/Turing/3_module/projects/rails_engine/app/models/invoice_item.rb": [
        1,
        1,
        1,
        null,
        1,
        null,
        1,
        44,
        null,
        null
      ],
      "/Users/Penney/Documents/Turing/3_module/projects/rails_engine/app/models/invoice.rb": [
        1,
        1,
        1,
        1,
        1,
        1,
        null
      ],
      "/Users/Penney/Documents/Turing/3_module/projects/rails_engine/app/models/item.rb": [
        1,
        1,
        1,
        1,
        null,
        1,
        null,
        103,
        null,
        1,
        74,
        null,
        null
      ],
      "/Users/Penney/Documents/Turing/3_module/projects/rails_engine/app/models/merchant.rb": [
        1,
        1,
        1,
        1,
        1,
        null
      ],
      "/Users/Penney/Documents/Turing/3_module/projects/rails_engine/app/models/transaction.rb": [
        1,
        1,
        null
      ]
    },
    "timestamp": 1456417436
  }
}
